<?xml version="1.0" encoding="UTF-8"?>
<!-- Generated by org.testng.reporters.JUnitReportReporter -->
<testsuite skipped="0" hostname="DESKTOP-TH1CER4" name="tests.demoTest" tests="1" failures="0" timestamp="2021-02-04T20:29:01 CET" time="4.701" errors="0">
  <testcase name="demoTest" time="4.701" classname="tests.demoTest"/>
  <system-out/>
</testsuite> <!-- tests.demoTest -->
