<?xml version="1.0" encoding="UTF-8"?>
<!-- Generated by org.testng.reporters.JUnitReportReporter -->
<testsuite skipped="0" hostname="DESKTOP-TH1CER4" name="tests.DemoTest" tests="1" failures="0" timestamp="2021-02-04T21:37:26 CET" time="10.339" errors="0">
  <testcase name="demoTest" time="10.339" classname="tests.DemoTest"/>
  <system-out/>
</testsuite> <!-- tests.DemoTest -->
